<?xml version="1.0" encoding="UTF-8"?>
<!-- Generated by org.testng.reporters.JUnitXMLReporter -->
<testsuite ignored="3" hostname="KevinAddison" failures="0" tests="1" name="Default test" time="18.101" errors="0" timestamp="25 Apr 2024 09:54:04 GMT">
  <testcase classname="com.in28minutes.webdriver.basics.form.FormElementSelectTest" name="setValueForMultipleSelectBoxTest" time="16.512"/>
  <testcase classname="com.in28minutes.webdriver.basics.form.FormElementSelectTest" name="readFromMultipleSelectBoxTest" time="0.0">
    <ignored/>
  </testcase> <!-- readFromMultipleSelectBoxTest -->
  <testcase classname="com.in28minutes.webdriver.basics.form.FormElementSelectTest" name="setValueForeSelectBoxTest" time="0.0">
    <ignored/>
  </testcase> <!-- setValueForeSelectBoxTest -->
  <testcase classname="com.in28minutes.webdriver.basics.form.FormElementSelectTest" name="readFromSelectBoxTest" time="0.0">
    <ignored/>
  </testcase> <!-- readFromSelectBoxTest -->
</testsuite> <!-- Default test -->
